     --- Door BSF-Mail version 1.00Ó14A opened at 02-03-1995 16:35:46
          By Fred Ribau
          ■ Quit to BBS selected.
     --- Door BSF-Mail version 1.00Ó14A closed at 16:35:46
     --- Door BSF-Mail version 1.00Ó14A opened at 02-03-1995 16:35:53
          By Fred Ribau
          ■ Quit to BBS selected.
     --- Door BSF-Mail version 1.00Ó14A closed at 16:35:53
     --- Door BSF-Mail version 1.00Ó14A opened at 02-03-1995 16:37:06
          By Fred Ribau
          ■ Quit to BBS selected.
     --- Door BSF-Mail version 1.00Ó14A closed at 16:37:07
     --- Door BSF-Mail version 1.00Ó14A opened at 02-03-1995 16:37:30
          By Fred Ribau
          ■ Quit to BBS selected.
     --- Door BSF-Mail version 1.00Ó14A closed at 16:37:32
     --- Door BSF-Mail version 1.00Ó14A opened at 02-03-1995 16:38:02
          By Fred Ribau
          ■ Quit to BBS selected.
     --- Door BSF-Mail version 1.00Ó14A closed at 16:38:03
     --- Door BSF-Mail version 1.00Ó14A opened at 02-03-1995 17:14:37
          By Fred Ribau
          ■ Quit to BBS selected.
     --- Door BSF-Mail version 1.00Ó14A closed at 17:14:41
     --- Door BSF-Mail version 1.00Ó14A opened at 02-03-1995 17:15:00
          By Fred Ribau
          ■ Quit to BBS selected.
     --- Door BSF-Mail version 1.00Ó14A closed at 17:15:20
     --- Door BSF-Mail version 1.00Ó14A opened at 02-09-1995 00:32:51
          By Fred Ribau
          ■ Quit to BBS selected.
     --- Door BSF-Mail version 1.00Ó14A closed at 00:32:59
     --- Door BSF-Mail version 1.00Ó14A opened at 02-09-1995 07:39:07
          By Fred Ribau
     --- Door BSF-Mail version 1.00Ó14A opened at 02-09-1995 07:39:17
          By Fred Ribau
     --- Door BSF-Mail version 1.00Ó14A opened at 02-09-1995 07:40:46
          By Fred Ribau
     --- Door BSF-Mail version 1.00Ó14A opened at 02-09-1995 07:41:13
          By Fred Ribau
     --- Door BSF-Mail version 1.00Ó14A opened at 02-09-1995 07:44:34
          By Fred Ribau
     --- Door BSF-Mail version 1.00Ó14A opened at 02-09-1995 07:50:05
          By Fred Ribau
     --- Door BSF-Mail version 1.00Ó14A opened at 02-09-1995 07:50:40
          By Fred Ribau
     --- Door BSF-Mail version 1.00Ó14A opened at 02-09-1995 07:50:55
          By Fred Ribau
     --- Door BSF-Mail version 1.00Ó14A opened at 02-09-1995 11:07:44
          By Fred Ribau
          ■ Conference selected.
          ■ User configuration selected.
          ■ Graphic mode selected.
          ■ Conference selected.
          ■ Graphic mode selected.
          ■ Download packet selected.
            · Scanning messages conferences :  Found 0 messages.
            · Scanning new bulletins : Found 7 bulletins.
            · Scanning new files : Found 333 files.
            · Scanning newsletter SysOp.
          ■ Download packet selected.
            · Scanning messages conferences : Abort By User !
          ■ Download packet selected.
            · Scanning messages conferences : Abort By User !
          ■ Quit to BBS selected.
     --- Door BSF-Mail version 1.00Ó14A closed at 11:09:07
     --- Door BSF-Mail version 1.00Ó14A opened at 02-09-1995 11:13:44
          By Fred Ribau
          ■ Quit to BBS selected.
     --- Door BSF-Mail version 1.00Ó14A closed at 11:13:45
     --- Door BSF-Mail version 1.00Ó14A opened at 02-09-1995 11:16:15
          By Fred Ribau
          ■ Quit to BBS selected.
     --- Door BSF-Mail version 1.00Ó14A closed at 11:16:16
     --- Door BSF-Mail version 1.00Ó14A opened at 02-09-1995 11:16:40
          By Fred Ribau
          ■ Quit to BBS selected.
     --- Door BSF-Mail version 1.00Ó14A closed at 11:16:41
     --- Door BSF-Mail version 1.00Ó14A opened at 02-14-1995 16:08:43
          By Fred Ribau
          ■ Quit to BBS selected.
     --- Door BSF-Mail version 1.00Ó14A closed at 16:08:52
     --- Door BSF-Mail version 1.00Ó14A opened at 02-14-1995 16:10:02
          By Fred Ribau
          ■ Conference selected.
          ■ Quit to BBS selected.
     --- Door BSF-Mail version 1.00Ó14A closed at 16:10:27
     --- Door BSF-Mail version 1.00Ó14A opened at 02-14-1995 16:11:11
          By Fred Ribau
          ■ Quit to BBS selected.
     --- Door BSF-Mail version 1.00Ó14A closed at 16:11:15
     --- Door BSF-Mail version 1.00Ó14A opened at 02-14-1995 16:12:44
          By Fred Ribau
          ■ Quit to BBS selected.
     --- Door BSF-Mail version 1.00Ó14A closed at 16:12:47
     --- Door BSF-Mail version 1.00Ó14A opened at 02-14-1995 16:12:48
          By Fred Ribau
          ■ Quit to BBS selected.
     --- Door BSF-Mail version 1.00Ó14A closed at 16:13:14
     --- Door BSF-Mail version 1.00Ó14A opened at 02-14-1995 16:13:40
          By Fred Ribau
          ■ Quit to BBS selected.
     --- Door BSF-Mail version 1.00Ó14A closed at 16:13:43
     --- Door BSF-Mail version 1.00Ó14A opened at 02-14-1995 16:13:48
          By Fred Ribau
     --- Door BSF-Mail version 1.00Ó14A opened at 02-14-1995 16:14:26
          By Fred Ribau
          ■ Quit to BBS selected.
     --- Door BSF-Mail version 1.00Ó14A closed at 16:14:28
     --- Door BSF-Mail version 1.00Ó14A opened at 02-14-1995 16:16:05
          By Fred Ribau
          ■ Quit to BBS selected.
     --- Door BSF-Mail version 1.00Ó14A closed at 16:16:07
     --- Door BSF-Mail version 1.00Ó14A opened at 02-14-1995 16:16:12
          By Fred Ribau
     --- Door BSF-Mail version 1.00Ó14A opened at 02-14-1995 16:16:33
          By Fred Ribau
          ■ Quit to BBS selected.
     --- Door BSF-Mail version 1.00Ó14A closed at 16:16:36
     --- Door BSF-Mail version 1.00Ó14A opened at 02-14-1995 16:17:07
          By Fred Ribau
          ■ Conference selected.
          ■ Quit to BBS selected.
     --- Door BSF-Mail version 1.00Ó14A closed at 16:17:18
     --- Door BSF-Mail version 1.00Ó14A opened at 02-14-1995 16:18:01
          By Fred Ribau
          ■ Conference selected.
          ■ User configuration selected.
          ■ User configuration selected.
          ■ Download packet selected.
            · Scanning messages conferences : Abort By User !
          ■ Quit to BBS selected.
     --- Door BSF-Mail version 1.00Ó14A closed at 16:19:11
     --- Door BSF-Mail version 1.00Ó14A opened at 02-14-1995 16:19:55
          By Fred Ribau
          ■ Quit to BBS selected.
     --- Door BSF-Mail version 1.00Ó14A closed at 16:19:59
     --- Door BSF-Mail version 1.00Ó14A opened at 02-14-1995 16:20:12
          By Fred Ribau
          ■ Quit to BBS selected.
     --- Door BSF-Mail version 1.00Ó14A closed at 16:20:13
     --- Door BSF-Mail version 1.00Ó14A opened at 02-14-1995 16:20:14
          By Fred Ribau
          ■ Conference selected.
          ■ Quit to BBS selected.
     --- Door BSF-Mail version 1.00Ó14A closed at 16:20:19
     --- Door BSF-Mail version 1.00Ó14A opened at 02-14-1995 16:21:02
          By Fred Ribau
          ■ User configuration selected.
          ■ Compression used selected.
          ■ Conference selected.
          ■ Log off selected.
     --- Door BSF-Mail version 1.00Ó14A closed at 16:21:32
     --- Door BSF-Mail version 1.00Ó14A opened at 02-14-1995 16:21:40
          By Fred Ribau
          ■ Graphic mode selected.
          ■ Graphic mode selected.
          ■ Graphic mode selected.
          ■ Graphic mode selected.
          ■ Graphic mode selected.
          ■ Conference selected.
          ■ Quit to BBS selected.
     --- Door BSF-Mail version 1.00Ó14A closed at 16:22:00
     --- Door BSF-Mail version 1.00Ó14A opened at 02-14-1995 16:22:56
          By Fred Ribau
          ■ Quit to BBS selected.
     --- Door BSF-Mail version 1.00Ó14A closed at 16:23:11
     --- Door BSF-Mail version 1.00Ó14A opened at 02-14-1995 18:40:31
          By Fred Ribau
          ■ Graphic mode selected.
          ■ Conference selected.
          ■ Quit to BBS selected.
     --- Door BSF-Mail version 1.00Ó14A closed at 18:40:40
     --- Door BSF-Mail version 1.00Ó14A opened at 02-14-1995 18:40:53
          By Fred Ribau
          ■ Quit to BBS selected.
     --- Door BSF-Mail version 1.00Ó14A closed at 18:40:54
     --- Door BSF-Mail version 1.00Ó14A opened at 02-14-1995 18:40:55
          By Fred Ribau
          ■ Conference selected.
          ■ Graphic mode selected.
          ■ Quit to BBS selected.
     --- Door BSF-Mail version 1.00Ó14A closed at 18:40:59
     --- Door BSF-Mail version 1.00Ó14A opened at 02-14-1995 18:41:00
          By Fred Ribau
          ■ Graphic mode selected.
          ■ Conference selected.
          ■ Quit to BBS selected.
     --- Door BSF-Mail version 1.00Ó14A closed at 18:41:09
     --- Door BSF-Mail version 1.00Ó14A opened at 02-14-1995 18:42:04
          By Fred Ribau
          ■ Quit to BBS selected.
     --- Door BSF-Mail version 1.00Ó14A closed at 18:42:06
     --- Door BSF-Mail version 1.00Ó14A opened at 02-14-1995 18:42:38
          By Fred Ribau
          ■ Quit to BBS selected.
     --- Door BSF-Mail version 1.00Ó14A closed at 18:42:43
     --- Door BSF-Mail version 1.00Ó14A opened at 02-14-1995 18:42:47
          By Fred Ribau
          ■ Quit to BBS selected.
     --- Door BSF-Mail version 1.00Ó14A closed at 18:42:49
     --- Door BSF-Mail version 1.00Ó14A opened at 02-14-1995 18:42:53
          By Fred Ribau
          ■ Quit to BBS selected.
     --- Door BSF-Mail version 1.00Ó14A closed at 18:42:54
     --- Door BSF-Mail version 1.00Ó14A opened at 02-14-1995 18:43:00
          By Fred Ribau
          ■ Quit to BBS selected.
     --- Door BSF-Mail version 1.00Ó14A closed at 18:43:02
     --- Door BSF-Mail version 1.00Ó14A opened at 02-14-1995 18:43:17
          By Fred Ribau
          ■ Graphic mode selected.
          ■ Quit to BBS selected.
     --- Door BSF-Mail version 1.00Ó14A closed at 18:43:47
     --- Door BSF-Mail version 1.00Ó14A opened at 02-14-1995 18:45:26
          By Fred Ribau
          ■ Quit to BBS selected.
     --- Door BSF-Mail version 1.00Ó14A closed at 18:45:53
     --- Door BSF-Mail version 1.00Ó14A opened at 02-14-1995 18:46:08
          By Fred Ribau
          ■ Quit to BBS selected.
     --- Door BSF-Mail version 1.00Ó14A closed at 18:46:12
     --- Door BSF-Mail version 1.00Ó14A opened at 02-14-1995 18:46:16
          By Fred Ribau
          ■ Quit to BBS selected.
     --- Door BSF-Mail version 1.00Ó14A closed at 18:46:19
     --- Door BSF-Mail version 1.00Ó14A opened at 02-14-1995 18:46:25
          By Fred Ribau
          ■ Quit to BBS selected.
     --- Door BSF-Mail version 1.00Ó14A closed at 18:46:27
     --- Door BSF-Mail version 1.00Ó14A opened at 02-14-1995 18:46:30
          By Fred Ribau
          ■ Quit to BBS selected.
     --- Door BSF-Mail version 1.00Ó14A closed at 18:46:32
     --- Door BSF-Mail version 1.00Ó14A opened at 02-14-1995 18:46:34
          By Fred Ribau
          ■ Graphic mode selected.
          ■ Quit to BBS selected.
     --- Door BSF-Mail version 1.00Ó14A closed at 18:46:49
     --- Door BSF-Mail version 1.00Ó14A opened at 02-14-1995 18:47:21
          By Fred Ribau
          ■ Conference selected.
          ■ Graphic mode selected.
          ■ Quit to BBS selected.
     --- Door BSF-Mail version 1.00Ó14A closed at 18:47:30
     --- Door BSF-Mail version 1.00Ó14A opened at 02-14-1995 18:48:50
          By Fred Ribau
          ■ Graphic mode selected.
          ■ Conference selected.
     --- Door BSF-Mail version 1.00Ó14A opened at 02-14-1995 18:49:44
          By Fred Ribau
          ■ Quit to BBS selected.
     --- Door BSF-Mail version 1.00Ó14A closed at 18:49:46
     --- Door BSF-Mail version 1.00Ó14A opened at 02-14-1995 18:50:46
          By Fred Ribau
          ■ Graphic mode selected.
          ■ Quit to BBS selected.
     --- Door BSF-Mail version 1.00Ó14A closed at 18:50:55
     --- Door BSF-Mail version 1.00Ó14A opened at 02-14-1995 18:51:24
          By Fred Ribau
     --- Door BSF-Mail version 1.00Ó14A opened at 02-14-1995 18:51:32
          By Fred Ribau
          ■ Graphic mode selected.
          ■ Conference selected.
     --- Door BSF-Mail version 1.00Ó14A opened at 02-14-1995 18:51:41
          By Fred Ribau
          ■ Conference selected.
          ■ Graphic mode selected.
     --- Door BSF-Mail version 1.00Ó14A opened at 02-14-1995 18:52:21
          By Fred Ribau
          ■ Graphic mode selected.
          ■ Graphic mode selected.
          ■ Graphic mode selected.
          ■ Conference selected.
          ■ Quit to BBS selected.
     --- Door BSF-Mail version 1.00Ó14A closed at 18:52:35
     --- Door BSF-Mail version 1.00Ó14A opened at 02-14-1995 18:52:56
          By Fred Ribau
          ■ Graphic mode selected.
          ■ Conference selected.
          ■ Quit to BBS selected.
     --- Door BSF-Mail version 1.00Ó14A closed at 18:53:05
     --- Door BSF-Mail version 1.00Ó14A opened at 02-14-1995 18:53:35
          By Fred Ribau
          ■ Graphic mode selected.
          ■ Conference selected.
          ■ Graphic mode selected.
          ■ Quit to BBS selected.
     --- Door BSF-Mail version 1.00Ó14A closed at 18:53:45
     --- Door BSF-Mail version 1.00Ó14A opened at 02-14-1995 18:53:53
          By Fred Ribau
          ■ Graphic mode selected.
          ■ Graphic mode selected.
          ■ Graphic mode selected.
          ■ Graphic mode selected.
          ■ Graphic mode selected.
          ■ Quit to BBS selected.
     --- Door BSF-Mail version 1.00Ó14A closed at 18:54:04
     --- Door BSF-Mail version 1.00Ó14A opened at 02-14-1995 19:26:57
          By Fred Ribau
          ■ Graphic mode selected.
          ■ Conference selected.
          ■ Quit to BBS selected.
     --- Door BSF-Mail version 1.00Ó14A closed at 19:28:47
     --- Door BSF-Mail version 1.00Ó14A opened at 02-14-1995 19:29:57
          By Fred Ribau
          ■ Graphic mode selected.
          ■ Conference selected.
          ■ Quit to BBS selected.
     --- Door BSF-Mail version 1.00Ó14A closed at 19:30:05
     --- Door BSF-Mail version 1.00Ó14A opened at 02-14-1995 19:50:17
          By Fred Ribau
          ■ Graphic mode selected.
          ■ Quit to BBS selected.
     --- Door BSF-Mail version 1.00Ó14A closed at 19:50:28
     --- Door BSF-Mail version 1.00Ó14A opened at 02-14-1995 19:50:42
          By Fred Ribau
          ■ Graphic mode selected.
          ■ Quit to BBS selected.
     --- Door BSF-Mail version 1.00Ó14A closed at 19:50:46
     --- Door BSF-Mail version 1.00Ó14A opened at 02-14-1995 19:50:58
          By Fred Ribau
          ■ Graphic mode selected.
          ■ Quit to BBS selected.
     --- Door BSF-Mail version 1.00Ó14A closed at 19:51:01
     --- Door BSF-Mail version 1.00Ó14A opened at 02-14-1995 19:52:53
          By Fred Ribau
          ■ Graphic mode selected.
          ■ Quit to BBS selected.
     --- Door BSF-Mail version 1.00Ó14A closed at 19:52:58
     --- Door BSF-Mail version 1.00Ó14A opened at 02-14-1995 19:53:24
          By Fred Ribau
          ■ Graphic mode selected.
          ■ Quit to BBS selected.
     --- Door BSF-Mail version 1.00Ó14A closed at 19:53:30
     --- Door BSF-Mail version 1.00Ó14A opened at 02-14-1995 19:53:58
          By Fred Ribau
          ■ Graphic mode selected.
          ■ Conference selected.
          ■ Graphic mode selected.
          ■ Conference selected.
          ■ Quit to BBS selected.
     --- Door BSF-Mail version 1.00Ó14A closed at 19:54:04
     --- Door BSF-Mail version 1.00Ó14A opened at 02-14-1995 19:57:27
          By Fred Ribau
          ■ Graphic mode selected.
          ■ Conference selected.
          ■ User configuration selected.
          ■ User configuration selected.
          ■ Quit to BBS selected.
     --- Door BSF-Mail version 1.00Ó14A closed at 19:58:43
     --- Door BSF-Mail version 1.00Ó14A opened at 02-14-1995 20:01:32
          By Fred Ribau
          ■ Quit to BBS selected.
     --- Door BSF-Mail version 1.00Ó14A closed at 20:01:33
     --- Door BSF-Mail version 1.00Ó14A opened at 02-14-1995 20:01:37
          By Fred Ribau
          ■ Quit to BBS selected.
     --- Door BSF-Mail version 1.00Ó14A closed at 20:01:49
     --- Door BSF-Mail version 1.00Ó14A opened at 02-14-1995 20:02:41
          By Fred Ribau
          ■ Quit to BBS selected.
     --- Door BSF-Mail version 1.00Ó14A closed at 20:02:42
     --- Door BSF-Mail version 1.00Ó14A opened at 02-14-1995 20:04:32
          By Fred Ribau
          ■ Conference selected.
          ■ Quit to BBS selected.
     --- Door BSF-Mail version 1.00Ó14A closed at 20:04:35
     --- Door BSF-Mail version 1.00Ó14A opened at 02-14-1995 20:05:41
          By Fred Ribau
          ■ Conference selected.
          ■ Download packet selected.
            · Scanning messages conferences : Abort By User !
          ■ Conference selected.
          ■ Download packet selected.
            · Scanning messages conferences : Abort By User !
          ■ Conference selected.
          ■ Quit to BBS selected.
     --- Door BSF-Mail version 1.00Ó14A closed at 20:06:22
     --- Door BSF-Mail version 1.00Ó14A opened at 02-14-1995 20:18:22
          By Fred Ribau
          ■ Quit to BBS selected.
     --- Door BSF-Mail version 1.00Ó14A closed at 20:18:24
     --- Door BSF-Mail version 1.00Ó14A opened at 02-14-1995 20:18:37
          By Fred Ribau
     --- Door BSF-Mail version 1.00Ó14A closed at 20:18:38
     --- Door BSF-Mail version 1.00Ó14A opened at 02-14-1995 20:20:13
          By Fred Ribau
          ■ Expert mode selected.
          ■ Expert mode selected.
          ■ Expert mode selected.
          ■ Expert mode selected.
          ■ Expert mode selected.
          ■ Expert mode selected.
          ■ Quit to BBS selected.
     --- Door BSF-Mail version 1.00Ó14A closed at 20:20:23
     --- Door BSF-Mail version 1.00Ó14A opened at 02-14-1995 20:21:38
          By Fred Ribau
          ■ Expert mode selected.
          ■ Expert mode selected.
          ■ Quit to BBS selected.
     --- Door BSF-Mail version 1.00Ó14A closed at 20:21:47
     --- Door BSF-Mail version 1.00Ó14A opened at 02-14-1995 20:22:27
          By Fred Ribau
          ■ Protocol used selected.
          ■ Quit to BBS selected.
     --- Door BSF-Mail version 1.00Ó14A closed at 20:22:35
     --- Door BSF-Mail version 1.00Ó14A opened at 02-14-1995 20:23:14
          By Fred Ribau
          ■ User configuration selected.
          ■ Quit to BBS selected.
     --- Door BSF-Mail version 1.00Ó14A closed at 20:23:20
     --- Door BSF-Mail version 1.00Ó14A opened at 02-14-1995 20:24:33
          By Fred Ribau
          ■ User configuration selected.
          ■ Graphic mode selected.
          ■ User configuration selected.
          ■ Quit to BBS selected.
     --- Door BSF-Mail version 1.00Ó14A closed at 20:24:42
     --- Door BSF-Mail version 1.00Ó14A opened at 02-14-1995 20:25:28
          By Fred Ribau
          ■ Graphic mode selected.
          ■ User configuration selected.
          ■ User configuration selected.
          ■ Graphic mode selected.
          ■ User configuration selected.
          ■ Quit to BBS selected.
     --- Door BSF-Mail version 1.00Ó14A closed at 20:25:54
     --- Door BSF-Mail version 1.00Ó14A opened at 02-14-1995 20:26:03
          By Fred Ribau
          ■ Quit to BBS selected.
     --- Door BSF-Mail version 1.00Ó14A closed at 20:26:55
     --- Door BSF-Mail version 1.00Ó14A opened at 02-14-1995 20:26:57
          By Fred Ribau
          ■ Compression used selected.
          ■ Compression used selected.
          ■ Quit to BBS selected.
     --- Door BSF-Mail version 1.00Ó14A closed at 20:27:02
     --- Door BSF-Mail version 1.00Ó14A opened at 02-14-1995 20:28:16
          By Fred Ribau
          ■ User configuration selected.
          ■ Compression used selected.
          ■ Quit to BBS selected.
     --- Door BSF-Mail version 1.00Ó14A closed at 20:28:21
     --- Door BSF-Mail version 1.00Ó14A opened at 02-14-1995 20:28:51
          By Fred Ribau
          ■ Compression used selected.
          ■ Quit to BBS selected.
     --- Door BSF-Mail version 1.00Ó14A closed at 20:28:53
     --- Door BSF-Mail version 1.00Ó14A opened at 02-14-1995 20:29:06
          By Fred Ribau
          ■ Compression used selected.
          ■ Quit to BBS selected.
     --- Door BSF-Mail version 1.00Ó14A closed at 20:29:09
     --- Door BSF-Mail version 1.00Ó14A opened at 02-14-1995 20:31:10
          By Fred Ribau
          ■ Compression used selected.
          ■ Compression used selected.
          ■ Quit to BBS selected.
     --- Door BSF-Mail version 1.00Ó14A closed at 20:31:19
     --- Door BSF-Mail version 1.00Ó14A opened at 02-14-1995 20:32:59
          By Fred Ribau
          ■ Compression used selected.
          ■ Quit to BBS selected.
     --- Door BSF-Mail version 1.00Ó14A closed at 20:33:06
     --- Door BSF-Mail version 1.00Ó14A opened at 02-14-1995 20:35:25
          By Fred Ribau
          ■ Compression used selected.
          ■ Quit to BBS selected.
     --- Door BSF-Mail version 1.00Ó14A closed at 20:35:30
     --- Door BSF-Mail version 1.00Ó14A opened at 02-14-1995 20:35:39
          By Fred Ribau
          ■ Compression used selected.
          ■ Compression used selected.
          ■ Quit to BBS selected.
     --- Door BSF-Mail version 1.00Ó14A closed at 20:36:15
     --- Door BSF-Mail version 1.00Ó14A opened at 02-14-1995 20:36:39
          By Fred Ribau
          ■ Compression used selected.
          ■ Compression used selected.
          ■ Quit to BBS selected.
     --- Door BSF-Mail version 1.00Ó14A closed at 20:36:59
     --- Door BSF-Mail version 1.00Ó14A opened at 02-14-1995 20:37:31
          By Fred Ribau
          ■ Compression used selected.
          ■ Quit to BBS selected.
     --- Door BSF-Mail version 1.00Ó14A closed at 20:37:33
     --- Door BSF-Mail version 1.00Ó14A opened at 02-14-1995 20:37:42
          By Fred Ribau
          ■ Compression used selected.
          ■ Quit to BBS selected.
     --- Door BSF-Mail version 1.00Ó14A closed at 20:37:48
     --- Door BSF-Mail version 1.00Ó14A opened at 02-14-1995 20:38:28
          By Fred Ribau
          ■ Compression used selected.
          ■ Quit to BBS selected.
     --- Door BSF-Mail version 1.00Ó14A closed at 20:38:32
     --- Door BSF-Mail version 1.00Ó14A opened at 02-14-1995 20:38:40
          By Fred Ribau
          ■ Compression used selected.
          ■ Compression used selected.
          ■ Quit to BBS selected.
     --- Door BSF-Mail version 1.00Ó14A closed at 20:38:51
     --- Door BSF-Mail version 1.00Ó14A opened at 02-14-1995 20:39:10
          By Fred Ribau
          ■ Compression used selected.
          ■ Quit to BBS selected.
     --- Door BSF-Mail version 1.00Ó14A closed at 20:39:23
     --- Door BSF-Mail version 1.00Ó14A opened at 02-14-1995 20:39:34
          By Fred Ribau
          ■ Protocol used selected.
          ■ Quit to BBS selected.
     --- Door BSF-Mail version 1.00Ó14A closed at 20:39:37
     --- Door BSF-Mail version 1.00Ó14A opened at 02-14-1995 20:41:41
          By Fred Ribau
          ■ Protocol used selected.
          ■ Quit to BBS selected.
     --- Door BSF-Mail version 1.00Ó14A closed at 20:41:57
     --- Door BSF-Mail version 1.00Ó14A opened at 02-14-1995 20:42:18
          By Fred Ribau
          ■ Compression used selected.
          ■ Protocol used selected.
          ■ User configuration selected.
          ■ Graphic mode selected.
          ■ Protocol used selected.
          ■ Protocol used selected.
          ■ Conference selected.
          ■ Size of packet selected.
          ■ Size of packet selected.
          ■ Size of packet selected.
          ■ Quit to BBS selected.
     --- Door BSF-Mail version 1.00Ó14A closed at 20:43:15
     --- Door BSF-Mail version 1.00Ó14A opened at 02-14-1995 20:45:45
          By Fred Ribau
          ■ Automatic Mode
          ■ Download packet selected.
            · Scanning messages conferences : Abort By User !
     --- Door BSF-Mail version 1.00Ó14A closed at 20:46:02
