± 1er Passe Comm
± 2nd Passe Comm
± 3nd Passe Comm
± 4nd Passe Comm
± 5nd Passe Comm
± 6nd Passe Comm
± 7nd Passe Comm
± 8nd Passe Comm
± 9nd Passe Comm
± 10nd Passe Comm
± 11nd Passe Comm
± 12nd Passe Comm
± 13nd Passe Comm
± 1er Passe Comm
± 2nd Passe Comm
± 3nd Passe Comm
± 4nd Passe Comm
± 5nd Passe Comm
± 6nd Passe Comm
± 7nd Passe Comm
± 8nd Passe Comm
± 9nd Passe Comm
± 10nd Passe Comm
± 11nd Passe Comm
± 12nd Passe Comm
± 13nd Passe Comm
± 1er Passe BSFMAIL
± 2nd Passe BSFMAIL
± 3me Passe BSFMAIL
± Debut Init Comm I : Move
± Debut Init Comm I : InitBuffer
± Debut Init Comm I : ExitProcedure
± Fin Init Comm I : ExitProcedure
± 1er Passe Comm
± 2nd Passe Comm
± 3nd Passe Comm
± 4nd Passe Comm
± 5nd Passe Comm
± 6nd Passe Comm
± 7nd Passe Comm
± 8nd Passe Comm
± 9nd Passe Comm
± 10nd Passe Comm
± 11nd Passe Comm
± 12nd Passe Comm
± 13nd Passe Comm
± 1er Passe BSFMAIL
± 2nd Passe BSFMAIL
± 3me Passe BSFMAIL
