     --- Door BSF-Mail Version 1.00á09 Ouverte A 04-11-1996 09:44:46
          Par Frederic Ribau
          ţ Mode Graphique S‚lectionn‚.
          ţ Download Paquet S‚lectionn‚.
     --- Door BSF-Mail Version 1.00á09 Ouverte A 04-11-1996 10:56:56
          Par Frederic Ribau
          ţ Retour Au BBS S‚lectionn‚.
     --- Door BSF-Mail Version 1.00á09 Ferm‚e A 10:56:57
     --- Door BSF-Mail Version 1.00á09 Ouverte A 04-11-1996 10:57:08
          Par Frederic Ribau
          ţ Retour Au BBS S‚lectionn‚.
     --- Door BSF-Mail Version 1.00á09 Ferm‚e A 10:57:08
     --- Door BSF-Mail Version 1.00á09 Ouverte A 04-11-1996 10:57:09
          Par Frederic Ribau
          ţ Download Paquet S‚lectionn‚.
            ú Scanne Des Messages    : Trouv‚ 2 Messages.
          ţ Download Paquet S‚lectionn‚.
            ú Scanne Des Messages    : Trouv‚ 2 Messages.
          ţ Retour Au BBS S‚lectionn‚.
     --- Door BSF-Mail Version 1.00á09 Ferm‚e A 10:57:25
     --- Door BSF-Mail Version 1.00á09 Ouverte A 04-11-1996 10:59:18
          Par Frederic Ribau
          ţ Upload Paquet S‚lectionn‚.
            ú ProblŠme Durant Le Transfert
          ţ Upload Paquet S‚lectionn‚.
            ú ProblŠme Durant Le Transfert
          ţ Retour Au BBS S‚lectionn‚.
     --- Door BSF-Mail Version 1.00á09 Ferm‚e A 10:59:31
     --- Door BSF-Mail Version 1.00á09 Ouverte A 04-13-1996 13:55:06
          Par Frederic Ribau
          ţ Download Paquet Personnel S‚lectionn‚.
            ú Scanne Des Messages    : Trouv‚ 0 Messages.
          ţ Download Paquet S‚lectionn‚.
            ú Scanne Des Messages    : Trouv‚ 0 Messages.
          ţ Mode Graphique S‚lectionn‚.
          ţ Taille Des Paquets S‚lectionn‚e.
          ţ S‚lection Des Conf‚rences S‚lectionn‚e.
          ţ Upload Pointeurs S‚lectionn‚.
          ţ Upload Pointeurs S‚lectionn‚.
