12-19-95 16:07:51 ₫ Fichier E:\BSFMAIL\BSFUSERS.DAT Non Trouv‚ !
01-10-96 23:13:12 ₫ BSFMGR  RunTime Error 100 at 09F7:01D4: Erreur De Leccture Fichier
01-10-96 23:13:37 ₫ BSFMGR  RunTime Error 100 at 09F7:01D4: Erreur De Leccture Fichier
01-10-96 23:14:29 ₫ BSFMGR  RunTime Error 100 at 09F7:01D4: Erreur De Leccture Fichier
01-10-96 23:15:16 ₫ BSFMGR  RunTime Error 100 at 09F7:01D9: Erreur De Leccture Fichier
01-10-96 23:15:41 ₫ BSFMGR  RunTime Error 100 at 09F7:01D9: Erreur De Leccture Fichier
01-10-96 23:16:05 ₫ BSFMGR  RunTime Error 100 at 09F7:01D9: Erreur De Leccture Fichier
01-10-96 23:16:26 ₫ BSFMGR  RunTime Error 100 at 09F7:01D9: Erreur De Leccture Fichier
01-11-96 02:49:26 ₫ BSFMGR  RunTime Error 106 at 09F8:0AA4: Valeur Num‚rique Invalide
01-11-96 02:49:43 ₫ BSFMGR  RunTime Error 106 at 09F8:0ADB: Valeur Num‚rique Invalide
01-14-96 22:04:33 ₫ BSFMGR  RunTime Error 2 at 0476:00F0: Fichier Non Trouv‚
01-14-96 22:04:49 ₫ BSFMGR  RunTime Error 2 at 0476:00F0: Fichier Non Trouv‚
01-14-96 22:08:58 ₫ BSFMGR  RunTime Error 103 at 0476:0148: Fichier Non Ouvert
01-14-96 22:10:34 ₫ BSFMGR  RunTime Error 2 at 0476:0744: Fichier Non Trouv‚
01-17-96 18:44:54 ₫ BSFMGR  RunTime Error 100 at 0B2E:01FF: Erreur De Leccture Fichier
01-17-96 18:45:10 ₫ BSFMGR  RunTime Error 100 at 0B2E:01FF: Erreur De Leccture Fichier
01-17-96 18:45:27 ₫ BSFMGR  RunTime Error 100 at 0B2E:0217: Erreur De Leccture Fichier
01-17-96 18:45:35 ₫ BSFMGR  RunTime Error 100 at 0B2E:0217: Erreur De Leccture Fichier
01-17-96 18:45:46 ₫ BSFMGR  RunTime Error 100 at 0B2E:01FF: Erreur De Leccture Fichier
01-17-96 18:45:54 ₫ BSFMGR  RunTime Error 100 at 0B2E:01FF: Erreur De Leccture Fichier
01-17-96 18:46:45 ₫ BSFMGR  RunTime Error 100 at 0B2E:0211: Erreur De Leccture Fichier
01-17-96 18:51:31 ₫ BSFMGR  RunTime Error 100 at 0B2E:0211: Erreur De Leccture Fichier
