     --- Door BSF-Mail Version 1.00á06 Ouverte A 01-10-1996 11:58:35
          Par Frederic Ribau
          ₫ Configuration Utilisateur S‚lectionn‚e.
          ₫ Retour Au BBS S‚lectionn‚.
     --- Door BSF-Mail Version 1.00á06 Ferm‚e A 11:58:43
     --- Door BSF-Mail Version 1.00á06 Ouverte A 01-10-1996 11:58:49
          Par Frederic Ribau
     --- Door BSF-Mail Version 1.00á06 Ferm‚e A 11:59:08
     --- Door BSF-Mail Version 1.00á06 Ouverte A 01-10-1996 11:59:14
          Par Frederic Ribau
          ₫ Download Paquet S‚lectionn‚.
          ₫ S‚lection Des Conf‚rences S‚lectionn‚e.
          ₫ Download Paquet S‚lectionn‚.
            ú Scanne Des Messages    : Trouv‚ 2 Messages.
          ₫ Download Paquet S‚lectionn‚.
            ú Scanne Des Messages    : Trouv‚ 2 Messages.
          ₫ Download Paquet S‚lectionn‚.
            ú Scanne Des Messages    : Trouv‚ 2 Messages.
     --- Door BSF-Mail Version 1.00á06 Ferm‚e A 12:00:10
     --- Door BSF-Mail Version 1.00á06 Ouverte A 04-10-1996 17:51:43
          Par Frederic Ribau
     --- Door BSF-Mail Version 1.00á06 Ferm‚e A 17:51:56
     --- Door BSF-Mail Version 1.00á08 Ouverte A 04-11-1996 09:30:03
          Par Frederic Ribau
          ₫ Retour Au BBS S‚lectionn‚.
     --- Door BSF-Mail Version 1.00á08 Ferm‚e A 09:30:11
     --- Door BSF-Mail Version 1.00á08 Ouverte A 04-11-1996 10:42:01
          Par Frederic Ribau
          ₫ Download Paquet S‚lectionn‚.
            ú Scanne Des Messages    : Trouv‚ 2 Messages.
          ₫ Retour Au BBS S‚lectionn‚.
     --- Door BSF-Mail Version 1.00á08 Ferm‚e A 10:44:00
     --- Door BSF-Mail Version 1.00á09 Ouverte A 04-11-1996 10:55:36
          Par Frederic Ribau
          ₫ Download Paquet S‚lectionn‚.
            ú Scanne Des Messages    : Trouv‚ 2 Messages.
          ₫ Taille Des Paquets S‚lectionn‚e.
          ₫ Mode Graphique S‚lectionn‚.
          ₫ Retour Au BBS S‚lectionn‚.
     --- Door BSF-Mail Version 1.00á09 Ferm‚e A 10:56:00
     --- Door BSF-Mail Version 1.00á09 Ouverte A 04-11-1996 10:56:03
          Par Frederic Ribau
          ₫ Mode Graphique S‚lectionn‚.
          ₫ Retour Au BBS S‚lectionn‚.
     --- Door BSF-Mail Version 1.00á09 Ferm‚e A 10:56:04
     --- Door BSF-Mail Version 1.00á09 Ouverte A 04-11-1996 11:03:11
          Par Frederic Ribau
          ₫ Download Paquet S‚lectionn‚.
            ú Scanne Des Messages    : Trouv‚ 2 Messages.
            ú Transfert Du Paquet R‚ussi
          ₫ Retour Au BBS S‚lectionn‚.
     --- Door BSF-Mail Version 1.00á09 Ferm‚e A 11:03:17
